<?xml version="1.0" encoding="UTF-8"?>
<robot generator="Robot 7.0 (Python 3.10.0 on win32)" generated="2024-01-26T09:20:33.888282" rpa="false" schemaversion="5">
<suite id="s1" name="Benchmark Vm" source="C:\Users\cpopescu\GitHub\CatalinGP\ProjectGroup\tests\benchmark_vm.robot">
<test id="s1-t1" name="Connect and Test SSH Connection with Key" line="10">
<kw name="Open Connection" owner="SSHLibrary">
<arg>${HOST}</arg>
<arg>port=${PORT}</arg>
<doc>Opens a new SSH connection to the given ``host`` and ``port``.</doc>
<status status="PASS" start="2024-01-26T09:20:33.985586" elapsed="0.000973"/>
</kw>
<kw name="Login With Public Key" owner="SSHLibrary">
<msg time="2024-01-26T09:20:33.986559" level="INFO">Logging into '127.0.0.1:5050' as 'gabriel'.</msg>
<msg time="2024-01-26T09:20:35.122365" level="INFO">Read output: Welcome to Ubuntu 22.04.3 LTS (GNU/Linux 5.15.0-91-generic x86_64)

 * Documentation:  https://help.ubuntu.com
 * Management:     https://landscape.canonical.com
 * Support:        https://ubuntu.com/advantage

  System information as of Fri Jan 26 07:51:35 AM UTC 2024

  System load:  1.7548828125       Processes:               221
  Usage of /:   30.7% of 22.87GB   Users logged in:         0
  Memory usage: 6%                 IPv4 address for enp0s3: 10.0.2.15
  Swap usage:   0%

 * Strictly confined Kubernetes makes edge and IoT secure. Learn how MicroK8s
   just raised the bar for easy, resilient and secure K8s cluster deployment.

   https://ubuntu.com/engage/secure-kubernetes-at-the-edge

Expanded Security Maintenance for Applications is not enabled.

61 updates can be applied immediately.
To see these additional updates run: apt list --upgradable

Enable ESM Apps to receive additional future security updates.
See https://ubuntu.com/esm or run: sudo pro status


Last login: Fri Jan 26 07:51:35 2024
[?2004hgabriel@gabriel:~$</msg>
<arg>${USERNAME}</arg>
<arg>${KEY_FILE}</arg>
<doc>Logs into the SSH server using key-based authentication.</doc>
<status status="PASS" start="2024-01-26T09:20:33.986559" elapsed="1.135806"/>
</kw>
<kw name="Log" owner="BuiltIn">
<msg time="2024-01-26T09:20:35.124236" level="INFO">Connection with key test completed.</msg>
<arg>Connection with key test completed.</arg>
<doc>Logs the given message with the given level.</doc>
<status status="PASS" start="2024-01-26T09:20:35.124236" elapsed="0.000000"/>
</kw>
<kw name="Close Connection" owner="SSHLibrary" type="TEARDOWN">
<doc>Closes the current connection.</doc>
<status status="PASS" start="2024-01-26T09:20:35.126182" elapsed="0.000974"/>
</kw>
<doc>Test SSH connection using a key.</doc>
<tag>key</tag>
<tag>ssh</tag>
<status status="PASS" start="2024-01-26T09:20:33.984607" elapsed="1.143521"/>
</test>
<test id="s1-t2" name="Execute Script with SSH Key Connection" line="18">
<kw name="Open Connection" owner="SSHLibrary">
<arg>${HOST}</arg>
<arg>port=${PORT}</arg>
<doc>Opens a new SSH connection to the given ``host`` and ``port``.</doc>
<status status="PASS" start="2024-01-26T09:20:35.131054" elapsed="0.000000"/>
</kw>
<kw name="Login With Public Key" owner="SSHLibrary">
<msg time="2024-01-26T09:20:35.132287" level="INFO">Logging into '127.0.0.1:5050' as 'gabriel'.</msg>
<msg time="2024-01-26T09:20:36.235633" level="INFO">Read output: Welcome to Ubuntu 22.04.3 LTS (GNU/Linux 5.15.0-91-generic x86_64)

 * Documentation:  https://help.ubuntu.com
 * Management:     https://landscape.canonical.com
 * Support:        https://ubuntu.com/advantage

  System information as of Fri Jan 26 07:51:35 AM UTC 2024

  System load:  1.7548828125       Processes:               221
  Usage of /:   30.7% of 22.87GB   Users logged in:         0
  Memory usage: 6%                 IPv4 address for enp0s3: 10.0.2.15
  Swap usage:   0%

 * Strictly confined Kubernetes makes edge and IoT secure. Learn how MicroK8s
   just raised the bar for easy, resilient and secure K8s cluster deployment.

   https://ubuntu.com/engage/secure-kubernetes-at-the-edge

Expanded Security Maintenance for Applications is not enabled.

61 updates can be applied immediately.
To see these additional updates run: apt list --upgradable

Enable ESM Apps to receive additional future security updates.
See https://ubuntu.com/esm or run: sudo pro status


Last login: Fri Jan 26 07:19:33 2024 from 10.0.2.2
[?2004hgabriel@gabriel:~$</msg>
<arg>${USERNAME}</arg>
<arg>${KEY_FILE}</arg>
<doc>Logs into the SSH server using key-based authentication.</doc>
<status status="PASS" start="2024-01-26T09:20:35.132287" elapsed="1.103346"/>
</kw>
<kw name="Execute Command" owner="SSHLibrary">
<msg time="2024-01-26T09:20:36.238490" level="INFO">Executing command 'status_report.py'.</msg>
<msg time="2024-01-26T09:20:36.254012" level="INFO">Command exited with return code 127.</msg>
<msg time="2024-01-26T09:20:36.254012" level="INFO">${output} = </msg>
<var>${output}</var>
<arg>${COMMAND_SCRIPT_1}</arg>
<doc>Executes ``command`` on the remote machine and returns its outputs.</doc>
<status status="PASS" start="2024-01-26T09:20:36.237471" elapsed="0.016541"/>
</kw>
<kw name="Run Keyword And Continue On Failure" owner="BuiltIn">
<kw name="Log Many" owner="BuiltIn">
<msg time="2024-01-26T09:20:36.255958" level="INFO">{{{}}</msg>
<msg time="2024-01-26T09:20:36.255958" level="INFO">level=INFO</msg>
<arg>{{{${output}}}</arg>
<arg>level=INFO</arg>
<doc>Logs the given messages as separate entries using the INFO level.</doc>
<status status="PASS" start="2024-01-26T09:20:36.254984" elapsed="0.000974"/>
</kw>
<arg>Log Many</arg>
<arg>{{{${output}}}</arg>
<arg>level=INFO</arg>
<doc>Runs the keyword and continues execution even if a failure occurs.</doc>
<status status="PASS" start="2024-01-26T09:20:36.254984" elapsed="0.000974"/>
</kw>
<kw name="Run Keyword And Continue On Failure" owner="BuiltIn">
<kw name="Should Be Empty" owner="BuiltIn">
<msg time="2024-01-26T09:20:36.256931" level="INFO">Length is 0.</msg>
<arg>${output}</arg>
<arg>msg=Script execution failed</arg>
<doc>Verifies that the given item is empty.</doc>
<status status="PASS" start="2024-01-26T09:20:36.256931" elapsed="0.000000"/>
</kw>
<arg>Should Be Empty</arg>
<arg>${output}</arg>
<arg>msg=Script execution failed</arg>
<doc>Runs the keyword and continues execution even if a failure occurs.</doc>
<status status="PASS" start="2024-01-26T09:20:36.255958" elapsed="0.000973"/>
</kw>
<kw name="Log" owner="BuiltIn">
<msg time="2024-01-26T09:20:36.257953" level="INFO">Script execution test completed.</msg>
<arg>Script execution test completed.</arg>
<doc>Logs the given message with the given level.</doc>
<status status="PASS" start="2024-01-26T09:20:36.257953" elapsed="0.000000"/>
</kw>
<kw name="Close Connection" owner="SSHLibrary" type="TEARDOWN">
<doc>Closes the current connection.</doc>
<status status="PASS" start="2024-01-26T09:20:36.257953" elapsed="0.001008"/>
</kw>
<doc>Execute a script on the remote server using SSH key.</doc>
<tag>execute</tag>
<tag>ssh</tag>
<status status="PASS" start="2024-01-26T09:20:35.130075" elapsed="1.128886"/>
</test>
<test id="s1-t3" name="Test CPU Performance" line="29">
<kw name="Open Connection" owner="SSHLibrary">
<arg>${HOST}</arg>
<arg>port=${PORT}</arg>
<doc>Opens a new SSH connection to the given ``host`` and ``port``.</doc>
<status status="PASS" start="2024-01-26T09:20:36.260825" elapsed="0.000973"/>
</kw>
<kw name="Login With Public Key" owner="SSHLibrary">
<msg time="2024-01-26T09:20:36.262771" level="INFO">Logging into '127.0.0.1:5050' as 'gabriel'.</msg>
<msg time="2024-01-26T09:20:37.393437" level="INFO">Read output: Welcome to Ubuntu 22.04.3 LTS (GNU/Linux 5.15.0-91-generic x86_64)

 * Documentation:  https://help.ubuntu.com
 * Management:     https://landscape.canonical.com
 * Support:        https://ubuntu.com/advantage

  System information as of Fri Jan 26 07:51:35 AM UTC 2024

  System load:  1.7548828125       Processes:               221
  Usage of /:   30.7% of 22.87GB   Users logged in:         0
  Memory usage: 6%                 IPv4 address for enp0s3: 10.0.2.15
  Swap usage:   0%

 * Strictly confined Kubernetes makes edge and IoT secure. Learn how MicroK8s
   just raised the bar for easy, resilient and secure K8s cluster deployment.

   https://ubuntu.com/engage/secure-kubernetes-at-the-edge

Expanded Security Maintenance for Applications is not enabled.

61 updates can be applied immediately.
To see these additional updates run: apt list --upgradable

Enable ESM Apps to receive additional future security updates.
See https://ubuntu.com/esm or run: sudo pro status


Last login: Fri Jan 26 07:19:34 2024 from 10.0.2.2
[?2004hgabriel@gabriel:~$</msg>
<arg>${USERNAME}</arg>
<arg>${KEY_FILE}</arg>
<doc>Logs into the SSH server using key-based authentication.</doc>
<status status="PASS" start="2024-01-26T09:20:36.262771" elapsed="1.130666"/>
</kw>
<kw name="Execute Command" owner="SSHLibrary">
<msg time="2024-01-26T09:20:37.394415" level="INFO">Executing command 'top -bn1 | grep "Cpu(s)" | awk '{print $2}''.</msg>
<msg time="2024-01-26T09:20:37.591835" level="INFO">Command exited with return code 0.</msg>
<msg time="2024-01-26T09:20:37.591835" level="INFO">${cpu_usage} = 0.0</msg>
<var>${cpu_usage}</var>
<arg>top -bn1 | grep "Cpu(s)" | awk '{print $2}'</arg>
<doc>Executes ``command`` on the remote machine and returns its outputs.</doc>
<status status="PASS" start="2024-01-26T09:20:37.394415" elapsed="0.197420"/>
</kw>
<kw name="Log" owner="BuiltIn">
<msg time="2024-01-26T09:20:37.593680" level="INFO">CPU Usage on Remote Server: 0.0</msg>
<arg>CPU Usage on Remote Server: ${cpu_usage}</arg>
<doc>Logs the given message with the given level.</doc>
<status status="PASS" start="2024-01-26T09:20:37.593245" elapsed="0.000435"/>
</kw>
<kw name="Close Connection" owner="SSHLibrary">
<doc>Closes the current connection.</doc>
<status status="PASS" start="2024-01-26T09:20:37.593680" elapsed="0.001165"/>
</kw>
<kw name="Run Keyword If" owner="BuiltIn">
<kw name="Log" owner="BuiltIn">
<msg time="2024-01-26T09:20:37.595820" level="INFO">CPU usage is within acceptable limits</msg>
<arg>CPU usage is within acceptable limits</arg>
<doc>Logs the given message with the given level.</doc>
<status status="PASS" start="2024-01-26T09:20:37.595820" elapsed="0.000000"/>
</kw>
<arg>${cpu_usage} &gt; 90</arg>
<arg>Fail</arg>
<arg>CPU usage is high</arg>
<arg>ELSE</arg>
<arg>Log</arg>
<arg>CPU usage is within acceptable limits</arg>
<doc>Runs the given keyword with the given arguments, if ``condition`` is true.</doc>
<status status="PASS" start="2024-01-26T09:20:37.595820" elapsed="0.000000"/>
</kw>
<doc>Test CPU performance on a remote server.</doc>
<status status="PASS" start="2024-01-26T09:20:36.260825" elapsed="1.335967"/>
</test>
<test id="s1-t4" name="Service Monitoring" line="39">
<kw name="Open Connection" owner="SSHLibrary">
<arg>${HOST}</arg>
<arg>port=${PORT}</arg>
<doc>Opens a new SSH connection to the given ``host`` and ``port``.</doc>
<status status="PASS" start="2024-01-26T09:20:37.598738" elapsed="0.000000"/>
</kw>
<kw name="Login With Public Key" owner="SSHLibrary">
<msg time="2024-01-26T09:20:37.599714" level="INFO">Logging into '127.0.0.1:5050' as 'gabriel'.</msg>
<msg time="2024-01-26T09:20:38.707890" level="INFO">Read output: Welcome to Ubuntu 22.04.3 LTS (GNU/Linux 5.15.0-91-generic x86_64)

 * Documentation:  https://help.ubuntu.com
 * Management:     https://landscape.canonical.com
 * Support:        https://ubuntu.com/advantage

  System information as of Fri Jan 26 07:51:35 AM UTC 2024

  System load:  1.7548828125       Processes:               221
  Usage of /:   30.7% of 22.87GB   Users logged in:         0
  Memory usage: 6%                 IPv4 address for enp0s3: 10.0.2.15
  Swap usage:   0%

 * Strictly confined Kubernetes makes edge and IoT secure. Learn how MicroK8s
   just raised the bar for easy, resilient and secure K8s cluster deployment.

   https://ubuntu.com/engage/secure-kubernetes-at-the-edge

Expanded Security Maintenance for Applications is not enabled.

61 updates can be applied immediately.
To see these additional updates run: apt list --upgradable

Enable ESM Apps to receive additional future security updates.
See https://ubuntu.com/esm or run: sudo pro status


Last login: Fri Jan 26 07:19:35 2024 from 10.0.2.2
[?2004hgabriel@gabriel:~$</msg>
<arg>${USERNAME}</arg>
<arg>${KEY_FILE}</arg>
<doc>Logs into the SSH server using key-based authentication.</doc>
<status status="PASS" start="2024-01-26T09:20:37.599714" elapsed="1.108176"/>
</kw>
<kw name="Execute Command" owner="SSHLibrary">
<msg time="2024-01-26T09:20:38.709837" level="INFO">Executing command 'systemctl status apache2'.</msg>
<msg time="2024-01-26T09:20:38.724509" level="INFO">Command exited with return code 4.</msg>
<msg time="2024-01-26T09:20:38.724509" level="INFO">${status} = </msg>
<var>${status}</var>
<arg>systemctl status apache2</arg>
<doc>Executes ``command`` on the remote machine and returns its outputs.</doc>
<status status="PASS" start="2024-01-26T09:20:38.709837" elapsed="0.014672"/>
</kw>
<kw name="Run Keyword And Continue On Failure" owner="BuiltIn">
<kw name="Log Many" owner="BuiltIn">
<msg time="2024-01-26T09:20:38.725406" level="INFO">{{{}}</msg>
<msg time="2024-01-26T09:20:38.725406" level="INFO">level=INFO</msg>
<arg>{{{${status}}}</arg>
<arg>level=INFO</arg>
<doc>Logs the given messages as separate entries using the INFO level.</doc>
<status status="PASS" start="2024-01-26T09:20:38.725406" elapsed="0.000000"/>
</kw>
<arg>Log Many</arg>
<arg>{{{${status}}}</arg>
<arg>level=INFO</arg>
<doc>Runs the keyword and continues execution even if a failure occurs.</doc>
<status status="PASS" start="2024-01-26T09:20:38.725406" elapsed="0.000000"/>
</kw>
<kw name="Should Not Contain" owner="BuiltIn">
<arg>${status}</arg>
<arg>inactive</arg>
<arg>msg=Apache2 service is inactive</arg>
<doc>Fails if ``container`` contains ``item`` one or more times.</doc>
<status status="PASS" start="2024-01-26T09:20:38.725406" elapsed="0.001018"/>
</kw>
<kw name="Close Connection" owner="SSHLibrary" type="TEARDOWN">
<doc>Closes the current connection.</doc>
<status status="PASS" start="2024-01-26T09:20:38.726424" elapsed="0.000928"/>
</kw>
<doc>Ensure critical services like web servers are running.</doc>
<tag>monitoring</tag>
<tag>service</tag>
<status status="PASS" start="2024-01-26T09:20:37.597765" elapsed="1.130216"/>
</test>
<test id="s1-t5" name="Log Monitoring Test" line="49">
<kw name="Open Connection" owner="SSHLibrary">
<arg>${HOST}</arg>
<arg>port=${PORT}</arg>
<doc>Opens a new SSH connection to the given ``host`` and ``port``.</doc>
<status status="PASS" start="2024-01-26T09:20:38.730130" elapsed="0.000000"/>
</kw>
<kw name="Login With Public Key" owner="SSHLibrary">
<msg time="2024-01-26T09:20:38.731104" level="INFO">Logging into '127.0.0.1:5050' as 'gabriel'.</msg>
<msg time="2024-01-26T09:20:39.837895" level="INFO">Read output: Welcome to Ubuntu 22.04.3 LTS (GNU/Linux 5.15.0-91-generic x86_64)

 * Documentation:  https://help.ubuntu.com
 * Management:     https://landscape.canonical.com
 * Support:        https://ubuntu.com/advantage

  System information as of Fri Jan 26 07:51:35 AM UTC 2024

  System load:  1.7548828125       Processes:               221
  Usage of /:   30.7% of 22.87GB   Users logged in:         0
  Memory usage: 6%                 IPv4 address for enp0s3: 10.0.2.15
  Swap usage:   0%

 * Strictly confined Kubernetes makes edge and IoT secure. Learn how MicroK8s
   just raised the bar for easy, resilient and secure K8s cluster deployment.

   https://ubuntu.com/engage/secure-kubernetes-at-the-edge

Expanded Security Maintenance for Applications is not enabled.

61 updates can be applied immediately.
To see these additional updates run: apt list --upgradable

Enable ESM Apps to receive additional future security updates.
See https://ubuntu.com/esm or run: sudo pro status


Last login: Fri Jan 26 07:19:36 2024 from 10.0.2.2
[?2004hgabriel@gabriel:~$</msg>
<arg>${USERNAME}</arg>
<arg>${KEY_FILE}</arg>
<doc>Logs into the SSH server using key-based authentication.</doc>
<status status="PASS" start="2024-01-26T09:20:38.731104" elapsed="1.107648"/>
</kw>
<kw name="Execute Command" owner="SSHLibrary">
<msg time="2024-01-26T09:20:39.840769" level="INFO">Executing command 'grep -c 'error' /var/log/syslog | awk '{print $1}''.</msg>
<msg time="2024-01-26T09:20:39.867072" level="INFO">Command exited with return code 0.</msg>
<msg time="2024-01-26T09:20:39.867072" level="INFO">${error_count} = 8</msg>
<var>${error_count}</var>
<arg>grep -c 'error' /var/log/syslog | awk '{print $1}'</arg>
<doc>Executes ``command`` on the remote machine and returns its outputs.</doc>
<status status="PASS" start="2024-01-26T09:20:39.839727" elapsed="0.027345"/>
</kw>
<kw name="Convert To Integer" owner="BuiltIn">
<msg time="2024-01-26T09:20:39.868048" level="INFO">${error_count_as_integer} = 8</msg>
<var>${error_count_as_integer}</var>
<arg>${error_count}</arg>
<doc>Converts the given item to an integer number.</doc>
<status status="PASS" start="2024-01-26T09:20:39.868048" elapsed="0.000000"/>
</kw>
<kw name="Log" owner="BuiltIn">
<msg time="2024-01-26T09:20:39.868048" level="INFO">Number of errors in syslog: 8</msg>
<arg>Number of errors in syslog: ${error_count_as_integer}</arg>
<doc>Logs the given message with the given level.</doc>
<status status="PASS" start="2024-01-26T09:20:39.868048" elapsed="0.000971"/>
</kw>
<kw name="Execute Command" owner="SSHLibrary">
<msg time="2024-01-26T09:20:39.869019" level="INFO">Executing command 'grep 'error' /var/log/syslog'.</msg>
<msg time="2024-01-26T09:20:39.881753" level="INFO">Command exited with return code 0.</msg>
<msg time="2024-01-26T09:20:39.881753" level="INFO">${syslog_errors} = Jan 23 14:07:49 gabriel systemd[1]: Condition check resulted in Process error reports when automatic reporting is enabled (file watch) being skipped.
Jan 23 14:07:49 gabriel systemd[1]: Condition chec...</msg>
<var>${syslog_errors}</var>
<arg>grep 'error' /var/log/syslog</arg>
<doc>Executes ``command`` on the remote machine and returns its outputs.</doc>
<status status="PASS" start="2024-01-26T09:20:39.869019" elapsed="0.012734"/>
</kw>
<kw name="Run Keyword If" owner="BuiltIn">
<kw name="Log" owner="BuiltIn">
<msg time="2024-01-26T09:20:39.882658" level="INFO">Jan 23 14:07:49 gabriel systemd[1]: Condition check resulted in Process error reports when automatic reporting is enabled (file watch) being skipped.
Jan 23 14:07:49 gabriel systemd[1]: Condition check resulted in Process error reports when automatic reporting is enabled (timer based) being skipped.
Jan 24 11:28:24 gabriel systemd[1]: Condition check resulted in Process error reports when automatic reporting is enabled (file watch) being skipped.
Jan 24 11:28:24 gabriel systemd[1]: Condition check resulted in Process error reports when automatic reporting is enabled (timer based) being skipped.
Jan 25 07:45:12 gabriel systemd[1]: Condition check resulted in Process error reports when automatic reporting is enabled (file watch) being skipped.
Jan 25 07:45:12 gabriel systemd[1]: Condition check resulted in Process error reports when automatic reporting is enabled (timer based) being skipped.
Jan 26 07:51:23 gabriel systemd[1]: Condition check resulted in Process error reports when automatic reporting is enabled (file watch) being skipped.
Jan 26 07:51:23 gabriel systemd[1]: Condition check resulted in Process error reports when automatic reporting is enabled (timer based) being skipped.</msg>
<arg>${syslog_errors}</arg>
<doc>Logs the given message with the given level.</doc>
<status status="PASS" start="2024-01-26T09:20:39.882658" elapsed="0.000000"/>
</kw>
<arg>${error_count_as_integer} &gt; 0</arg>
<arg>BuiltIn.Log</arg>
<arg>${syslog_errors}</arg>
<doc>Runs the given keyword with the given arguments, if ``condition`` is true.</doc>
<status status="PASS" start="2024-01-26T09:20:39.882658" elapsed="0.000000"/>
</kw>
<kw name="Close Connection" owner="SSHLibrary" type="TEARDOWN">
<doc>Closes the current connection.</doc>
<status status="PASS" start="2024-01-26T09:20:39.883689" elapsed="0.000000"/>
</kw>
<doc>Check for errors in the system log file.</doc>
<tag>logs</tag>
<tag>monitoring</tag>
<status status="PASS" start="2024-01-26T09:20:38.729157" elapsed="1.155436"/>
</test>
<test id="s1-t6" name="Security Checks Test" line="61">
<kw name="Open Connection" owner="SSHLibrary">
<arg>${HOST}</arg>
<arg>port=${PORT}</arg>
<doc>Opens a new SSH connection to the given ``host`` and ``port``.</doc>
<status status="PASS" start="2024-01-26T09:20:39.886540" elapsed="0.000978"/>
</kw>
<kw name="Login With Public Key" owner="SSHLibrary">
<msg time="2024-01-26T09:20:39.887518" level="INFO">Logging into '127.0.0.1:5050' as 'gabriel'.</msg>
<msg time="2024-01-26T09:20:40.984518" level="INFO">Read output: Welcome to Ubuntu 22.04.3 LTS (GNU/Linux 5.15.0-91-generic x86_64)

 * Documentation:  https://help.ubuntu.com
 * Management:     https://landscape.canonical.com
 * Support:        https://ubuntu.com/advantage

  System information as of Fri Jan 26 07:51:35 AM UTC 2024

  System load:  1.7548828125       Processes:               221
  Usage of /:   30.7% of 22.87GB   Users logged in:         0
  Memory usage: 6%                 IPv4 address for enp0s3: 10.0.2.15
  Swap usage:   0%

 * Strictly confined Kubernetes makes edge and IoT secure. Learn how MicroK8s
   just raised the bar for easy, resilient and secure K8s cluster deployment.

   https://ubuntu.com/engage/secure-kubernetes-at-the-edge

Expanded Security Maintenance for Applications is not enabled.

61 updates can be applied immediately.
To see these additional updates run: apt list --upgradable

Enable ESM Apps to receive additional future security updates.
See https://ubuntu.com/esm or run: sudo pro status


Last login: Fri Jan 26 07:19:37 2024 from 10.0.2.2
[?2004hgabriel@gabriel:~$</msg>
<arg>${USERNAME}</arg>
<arg>${KEY_FILE}</arg>
<doc>Logs into the SSH server using key-based authentication.</doc>
<status status="PASS" start="2024-01-26T09:20:39.887518" elapsed="1.097000"/>
</kw>
<kw name="Execute Command" owner="SSHLibrary">
<msg time="2024-01-26T09:20:40.987405" level="INFO">Executing command 'ufw status'.</msg>
<msg time="2024-01-26T09:20:41.045237" level="INFO">Command exited with return code 1.</msg>
<msg time="2024-01-26T09:20:41.045237" level="INFO">${firewall_status} = </msg>
<var>${firewall_status}</var>
<arg>ufw status</arg>
<doc>Executes ``command`` on the remote machine and returns its outputs.</doc>
<status status="PASS" start="2024-01-26T09:20:40.986363" elapsed="0.058874"/>
</kw>
<kw name="Run Keyword And Continue On Failure" owner="BuiltIn">
<kw name="Log Many" owner="BuiltIn">
<msg time="2024-01-26T09:20:41.046136" level="INFO">{{{}}</msg>
<msg time="2024-01-26T09:20:41.046136" level="INFO">level=INFO</msg>
<arg>{{{${firewall_status}}}</arg>
<arg>level=INFO</arg>
<doc>Logs the given messages as separate entries using the INFO level.</doc>
<status status="PASS" start="2024-01-26T09:20:41.046136" elapsed="0.000000"/>
</kw>
<arg>Log Many</arg>
<arg>{{{${firewall_status}}}</arg>
<arg>level=INFO</arg>
<doc>Runs the keyword and continues execution even if a failure occurs.</doc>
<status status="PASS" start="2024-01-26T09:20:41.046136" elapsed="0.000000"/>
</kw>
<kw name="Should Not Contain" owner="BuiltIn">
<arg>${firewall_status}</arg>
<arg>inactive</arg>
<arg>msg=Firewall is not active</arg>
<doc>Fails if ``container`` contains ``item`` one or more times.</doc>
<status status="PASS" start="2024-01-26T09:20:41.047109" elapsed="0.000000"/>
</kw>
<kw name="Close Connection" owner="SSHLibrary" type="TEARDOWN">
<doc>Closes the current connection.</doc>
<status status="PASS" start="2024-01-26T09:20:41.048083" elapsed="0.000000"/>
</kw>
<doc>Verify firewall status and security configurations.</doc>
<tag>checks</tag>
<tag>security</tag>
<status status="PASS" start="2024-01-26T09:20:39.886540" elapsed="1.162516"/>
</test>
<test id="s1-t7" name="Network Connectivity Test" line="71">
<kw name="Open Connection" owner="SSHLibrary">
<arg>${HOST}</arg>
<arg>port=${PORT}</arg>
<doc>Opens a new SSH connection to the given ``host`` and ``port``.</doc>
<status status="PASS" start="2024-01-26T09:20:41.051004" elapsed="0.000000"/>
</kw>
<kw name="Login With Public Key" owner="SSHLibrary">
<msg time="2024-01-26T09:20:41.051977" level="INFO">Logging into '127.0.0.1:5050' as 'gabriel'.</msg>
<msg time="2024-01-26T09:20:42.137607" level="INFO">Read output: Welcome to Ubuntu 22.04.3 LTS (GNU/Linux 5.15.0-91-generic x86_64)

 * Documentation:  https://help.ubuntu.com
 * Management:     https://landscape.canonical.com
 * Support:        https://ubuntu.com/advantage

  System information as of Fri Jan 26 07:51:35 AM UTC 2024

  System load:  1.7548828125       Processes:               221
  Usage of /:   30.7% of 22.87GB   Users logged in:         0
  Memory usage: 6%                 IPv4 address for enp0s3: 10.0.2.15
  Swap usage:   0%

 * Strictly confined Kubernetes makes edge and IoT secure. Learn how MicroK8s
   just raised the bar for easy, resilient and secure K8s cluster deployment.

   https://ubuntu.com/engage/secure-kubernetes-at-the-edge

Expanded Security Maintenance for Applications is not enabled.

61 updates can be applied immediately.
To see these additional updates run: apt list --upgradable

Enable ESM Apps to receive additional future security updates.
See https://ubuntu.com/esm or run: sudo pro status


Last login: Fri Jan 26 07:19:38 2024 from 10.0.2.2
[?2004hgabriel@gabriel:~$</msg>
<arg>${USERNAME}</arg>
<arg>${KEY_FILE}</arg>
<doc>Logs into the SSH server using key-based authentication.</doc>
<status status="PASS" start="2024-01-26T09:20:41.051977" elapsed="1.085630"/>
</kw>
<kw name="Execute Command" owner="SSHLibrary">
<msg time="2024-01-26T09:20:42.139433" level="INFO">Executing command 'ping -c 4 google.com'.</msg>
<msg time="2024-01-26T09:20:50.476789" level="INFO">Command exited with return code 0.</msg>
<msg time="2024-01-26T09:20:50.476789" level="INFO">${ping_result} = PING google.com (172.217.18.110) 56(84) bytes of data.
64 bytes from fra16s42-in-f14.1e100.net (172.217.18.110): icmp_seq=1 ttl=115 time=9.22 ms
64 bytes from fra16s42-in-f14.1e100.net (172.217.18.110...</msg>
<var>${ping_result}</var>
<arg>ping -c 4 google.com</arg>
<doc>Executes ``command`` on the remote machine and returns its outputs.</doc>
<status status="PASS" start="2024-01-26T09:20:42.139433" elapsed="8.337356"/>
</kw>
<kw name="Log Many" owner="BuiltIn">
<msg time="2024-01-26T09:20:50.479594" level="INFO">{{{PING google.com (172.217.18.110) 56(84) bytes of data.
64 bytes from fra16s42-in-f14.1e100.net (172.217.18.110): icmp_seq=1 ttl=115 time=9.22 ms
64 bytes from fra16s42-in-f14.1e100.net (172.217.18.110): icmp_seq=2 ttl=115 time=10.6 ms
64 bytes from zrh04s05-in-f110.1e100.net (172.217.18.110): icmp_seq=3 ttl=115 time=9.51 ms
64 bytes from fra16s42-in-f14.1e100.net (172.217.18.110): icmp_seq=4 ttl=115 time=10.2 ms

--- google.com ping statistics ---
4 packets transmitted, 4 received, 0% packet loss, time 3244ms
rtt min/avg/max/mdev = 9.222/9.877/10.559/0.535 ms}}</msg>
<msg time="2024-01-26T09:20:50.479594" level="INFO">level=INFO</msg>
<arg>{{{${ping_result}}}</arg>
<arg>level=INFO</arg>
<doc>Logs the given messages as separate entries using the INFO level.</doc>
<status status="PASS" start="2024-01-26T09:20:50.478623" elapsed="0.000971"/>
</kw>
<kw name="Should Contain" owner="BuiltIn">
<arg>${ping_result}</arg>
<arg>0% packet loss</arg>
<arg>msg=Network connectivity issue</arg>
<doc>Fails if ``container`` does not contain ``item`` one or more times.</doc>
<status status="PASS" start="2024-01-26T09:20:50.480570" elapsed="0.000000"/>
</kw>
<kw name="Close Connection" owner="SSHLibrary" type="TEARDOWN">
<doc>Closes the current connection.</doc>
<status status="PASS" start="2024-01-26T09:20:50.481542" elapsed="0.001045"/>
</kw>
<doc>Test network connectivity to a specific service.</doc>
<tag>connectivity</tag>
<tag>network</tag>
<status status="PASS" start="2024-01-26T09:20:41.050030" elapsed="9.433458"/>
</test>
<test id="s1-t8" name="Performance Monitoring Test" line="81">
<kw name="Open Connection" owner="SSHLibrary">
<arg>${HOST}</arg>
<arg>port=${PORT}</arg>
<doc>Opens a new SSH connection to the given ``host`` and ``port``.</doc>
<status status="PASS" start="2024-01-26T09:20:50.486408" elapsed="0.000972"/>
</kw>
<kw name="Login With Public Key" owner="SSHLibrary">
<msg time="2024-01-26T09:20:50.488364" level="INFO">Logging into '127.0.0.1:5050' as 'gabriel'.</msg>
<msg time="2024-01-26T09:20:51.626172" level="INFO">Read output: Welcome to Ubuntu 22.04.3 LTS (GNU/Linux 5.15.0-91-generic x86_64)

 * Documentation:  https://help.ubuntu.com
 * Management:     https://landscape.canonical.com
 * Support:        https://ubuntu.com/advantage

  System information as of Fri Jan 26 07:51:35 AM UTC 2024

  System load:  1.7548828125       Processes:               221
  Usage of /:   30.7% of 22.87GB   Users logged in:         0
  Memory usage: 6%                 IPv4 address for enp0s3: 10.0.2.15
  Swap usage:   0%

 * Strictly confined Kubernetes makes edge and IoT secure. Learn how MicroK8s
   just raised the bar for easy, resilient and secure K8s cluster deployment.

   https://ubuntu.com/engage/secure-kubernetes-at-the-edge

Expanded Security Maintenance for Applications is not enabled.

61 updates can be applied immediately.
To see these additional updates run: apt list --upgradable

Enable ESM Apps to receive additional future security updates.
See https://ubuntu.com/esm or run: sudo pro status


Last login: Fri Jan 26 07:19:40 2024 from 10.0.2.2
[?2004hgabriel@gabriel:~$</msg>
<arg>${USERNAME}</arg>
<arg>${KEY_FILE}</arg>
<doc>Logs into the SSH server using key-based authentication.</doc>
<status status="PASS" start="2024-01-26T09:20:50.487380" elapsed="1.138792"/>
</kw>
<kw name="Execute Command" owner="SSHLibrary">
<msg time="2024-01-26T09:20:51.629052" level="INFO">Executing command 'top -bn1'.</msg>
<msg time="2024-01-26T09:20:51.805639" level="INFO">Command exited with return code 0.</msg>
<msg time="2024-01-26T09:20:51.805639" level="INFO">${performance_metrics} = top - 07:19:50 up  1:29,  2 users,  load average: 0.07, 0.03, 0.00
Tasks: 189 total,   1 running, 188 sleeping,   0 stopped,   0 zombie
%Cpu(s):  0.0 us,  0.0 sy,  0.0 ni,100.0 id,  0.0 wa,  0.0 hi,  ...</msg>
<var>${performance_metrics}</var>
<arg>top -bn1</arg>
<doc>Executes ``command`` on the remote machine and returns its outputs.</doc>
<status status="PASS" start="2024-01-26T09:20:51.629052" elapsed="0.176587"/>
</kw>
<kw name="Log Many" owner="BuiltIn">
<msg time="2024-01-26T09:20:51.806613" level="INFO">{{{top - 07:19:50 up  1:29,  2 users,  load average: 0.07, 0.03, 0.00
Tasks: 189 total,   1 running, 188 sleeping,   0 stopped,   0 zombie
%Cpu(s):  0.0 us,  0.0 sy,  0.0 ni,100.0 id,  0.0 wa,  0.0 hi,  0.0 si,  0.0 st
MiB Mem :   3863.6 total,   3367.9 free,    201.8 used,    293.9 buff/cache
MiB Swap:   3863.0 total,   3863.0 free,      0.0 used.   3439.5 avail Mem 

    PID USER      PR  NI    VIRT    RES    SHR S  %CPU  %MEM     TIME+ COMMAND
      1 root      20   0  166364  11768   8452 S   0.0   0.3   0:00.83 systemd
      2 root      20   0       0      0      0 S   0.0   0.0   0:00.00 kthreadd
      3 root       0 -20       0      0      0 I   0.0   0.0   0:00.00 rcu_gp
      4 root       0 -20       0      0      0 I   0.0   0.0   0:00.00 rcu_par+
      5 root       0 -20       0      0      0 I   0.0   0.0   0:00.00 slub_fl+
      6 root       0 -20       0      0      0 I   0.0   0.0   0:00.00 netns
      8 root       0 -20       0      0      0 I   0.0   0.0   0:00.00 kworker+
     10 root       0 -20       0      0      0 I   0.0   0.0   0:00.00 mm_perc+
     11 root      20   0       0      0      0 S   0.0   0.0   0:00.00 rcu_tas+
     12 root      20   0       0      0      0 S   0.0   0.0   0:00.00 rcu_tas+
     13 root      20   0       0      0      0 S   0.0   0.0   0:00.01 ksoftir+
     14 root      20   0       0      0      0 I   0.0   0.0   0:01.40 rcu_sch+
     15 root      rt   0       0      0      0 S   0.0   0.0   0:00.20 migrati+
     16 root     -51   0       0      0      0 S   0.0   0.0   0:00.00 idle_in+
     18 root      20   0       0      0      0 S   0.0   0.0   0:00.00 cpuhp/0
     19 root      20   0       0      0      0 S   0.0   0.0   0:00.00 cpuhp/1
     20 root     -51   0       0      0      0 S   0.0   0.0   0:00.00 idle_in+
     21 root      rt   0       0      0      0 S   0.0   0.0   0:00.47 migrati+
     22 root      20   0       0      0      0 S   0.0   0.0   0:00.01 ksoftir+
     24 root       0 -20       0      0      0 I   0.0   0.0   0:00.00 kworker+
     25 root      20   0       0      0      0 S   0.0   0.0   0:00.00 cpuhp/2
     26 root     -51   0       0      0      0 S   0.0   0.0   0:00.00 idle_in+
     27 root      rt   0       0      0      0 S   0.0   0.0   0:00.36 migrati+
     28 root      20   0       0      0      0 S   0.0   0.0   0:00.15 ksoftir+
     30 root       0 -20       0      0      0 I   0.0   0.0   0:00.00 kworker+
     31 root      20   0       0      0      0 S   0.0   0.0   0:00.00 cpuhp/3
     32 root     -51   0       0      0      0 S   0.0   0.0   0:00.00 idle_in+
     33 root      rt   0       0      0      0 S   0.0   0.0   0:00.49 migrati+
     34 root      20   0       0      0      0 S   0.0   0.0   0:00.03 ksoftir+
     35 root      20   0       0      0      0 I   0.0   0.0   0:00.00 kworker+
     36 root       0 -20       0      0      0 I   0.0   0.0   0:00.00 kworker+
     37 root      20   0       0      0      0 S   0.0   0.0   0:00.00 kdevtmp+
     38 root       0 -20       0      0      0 I   0.0   0.0   0:00.00 inet_fr+
     39 root      20   0       0      0      0 S   0.0   0.0   0:00.00 kauditd
     40 root      20   0       0      0      0 S   0.0   0.0   0:00.00 khungta+
     41 root      20   0       0      0      0 S   0.0   0.0   0:00.00 oom_rea+
     42 root       0 -20       0      0      0 I   0.0   0.0   0:00.00 writeba+
     43 root      20   0       0      0      0 S   0.0   0.0   0:00.41 kcompac+
     44 root      25   5       0      0      0 S   0.0   0.0   0:00.00 ksmd
     45 root      39  19       0      0      0 S   0.0   0.0   0:00.00 khugepa+
     52 root      20   0       0      0      0 I   0.0   0.0   0:00.01 kworker+
     92 root       0 -20       0      0      0 I   0.0   0.0   0:00.00 kintegr+
     93 root       0 -20       0      0      0 I   0.0   0.0   0:00.00 kblockd
     94 root       0 -20       0      0      0 I   0.0   0.0   0:00.00 blkcg_p+
     95 root       0 -20       0      0      0 I   0.0   0.0   0:00.00 tpm_dev+
     96 root       0 -20       0      0      0 I   0.0   0.0   0:00.00 ata_sff
     97 root       0 -20       0      0      0 I   0.0   0.0   0:00.00 md
     98 root       0 -20       0      0      0 I   0.0   0.0   0:00.00 edac-po+
     99 root       0 -20       0      0      0 I   0.0   0.0   0:00.00 devfreq+
    100 root     -51   0       0      0      0 S   0.0   0.0   0:00.00 watchdo+
    102 root       0 -20       0      0      0 I   0.0   0.0   0:00.01 kworker+
    104 root      20   0       0      0      0 I   0.0   0.0   0:02.82 kworker+
    105 root      20   0       0      0      0 S   0.0   0.0   0:00.00 kswapd0
    106 root      20   0       0      0      0 S   0.0   0.0   0:00.00 ecryptf+
    108 root       0 -20       0      0      0 I   0.0   0.0   0:00.00 kthrotld
    109 root       0 -20       0      0      0 I   0.0   0.0   0:00.00 acpi_th+
    111 root      20   0       0      0      0 S   0.0   0.0   0:00.00 scsi_eh+
    112 root       0 -20       0      0      0 I   0.0   0.0   0:00.00 scsi_tm+
    113 root      20   0       0      0      0 S   0.0   0.0   0:00.02 scsi_eh+
    114 root       0 -20       0      0      0 I   0.0   0.0   0:00.00 scsi_tm+
    116 root       0 -20       0      0      0 I   0.0   0.0   0:00.00 vfio-ir+
    117 root       0 -20       0      0      0 I   0.0   0.0   0:00.00 mld
    118 root       0 -20       0      0      0 I   0.0   0.0   0:00.00 ipv6_ad+
    121 root       0 -20       0      0      0 I   0.0   0.0   0:00.01 kworker+
    131 root       0 -20       0      0      0 I   0.0   0.0   0:00.00 kstrp
    134 root       0 -20       0      0      0 I   0.0   0.0   0:00.00 zswap-s+
    135 root       0 -20       0      0      0 I   0.0   0.0   0:00.00 kworker+
    140 root       0 -20       0      0      0 I   0.0   0.0   0:00.00 charger+
    163 root       0 -20       0      0      0 I   0.0   0.0   0:00.02 kworker+
    203 root       0 -20       0      0      0 I   0.0   0.0   0:00.00 cryptd
    228 root      20   0       0      0      0 I   0.0   0.0   0:03.29 kworker+
    229 root      20   0       0      0      0 S   0.0   0.0   0:00.00 scsi_eh+
    230 root       0 -20       0      0      0 I   0.0   0.0   0:00.00 scsi_tm+
    231 root      20   0       0      0      0 S   0.0   0.0   0:00.00 scsi_eh+
    232 root       0 -20       0      0      0 I   0.0   0.0   0:00.00 scsi_tm+
    233 root      20   0       0      0      0 S   0.0   0.0   0:00.00 scsi_eh+
    234 root       0 -20       0      0      0 I   0.0   0.0   0:00.00 scsi_tm+
    235 root      20   0       0      0      0 S   0.0   0.0   0:00.00 scsi_eh+
    236 root       0 -20       0      0      0 I   0.0   0.0   0:00.00 scsi_tm+
    237 root      20   0       0      0      0 S   0.0   0.0   0:00.00 scsi_eh+
    238 root       0 -20       0      0      0 I   0.0   0.0   0:00.00 scsi_tm+
    239 root      20   0       0      0      0 S   0.0   0.0   0:00.00 scsi_eh+
    240 root       0 -20       0      0      0 I   0.0   0.0   0:00.00 scsi_tm+
    241 root      20   0       0      0      0 S   0.0   0.0   0:00.00 scsi_eh+
    242 root       0 -20       0      0      0 I   0.0   0.0   0:00.00 scsi_tm+
    243 root      20   0       0      0      0 S   0.0   0.0   0:00.00 scsi_eh+
    244 root       0 -20       0      0      0 I   0.0   0.0   0:00.00 scsi_tm+
    245 root      20   0       0      0      0 S   0.0   0.0   0:00.00 scsi_eh+
    246 root       0 -20       0      0      0 I   0.0   0.0   0:00.00 scsi_tm+
    247 root      20   0       0      0      0 S   0.0   0.0   0:00.00 scsi_eh+
    248 root       0 -20       0      0      0 I   0.0   0.0   0:00.00 scsi_tm+
    249 root      20   0       0      0      0 S   0.0   0.0   0:00.00 scsi_eh+
    250 root       0 -20       0      0      0 I   0.0   0.0   0:00.00 scsi_tm+
    251 root      20   0       0      0      0 S   0.0   0.0   0:00.00 scsi_eh+
    252 root       0 -20       0      0      0 I   0.0   0.0   0:00.00 scsi_tm+
    253 root      20   0       0      0      0 S   0.0   0.0   0:00.00 scsi_eh+
    254 root       0 -20       0      0      0 I   0.0   0.0   0:00.00 scsi_tm+
    255 root      20   0       0      0      0 S   0.0   0.0   0:00.00 scsi_eh+
    256 root       0 -20       0      0      0 I   0.0   0.0   0:00.00 scsi_tm+
    257 root      20   0       0      0      0 S   0.0   0.0   0:00.00 scsi_eh+
    258 root       0 -20       0      0      0 I   0.0   0.0   0:00.00 scsi_tm+
    259 root      20   0       0      0      0 S   0.0   0.0   0:00.00 scsi_eh+
    260 root       0 -20       0      0      0 I   0.0   0.0   0:00.00 scsi_tm+
    261 root      20   0       0      0      0 S   0.0   0.0   0:00.00 scsi_eh+
    262 root       0 -20       0      0      0 I   0.0   0.0   0:00.00 scsi_tm+
    263 root      20   0       0      0      0 S   0.0   0.0   0:00.00 scsi_eh+
    264 root       0 -20       0      0      0 I   0.0   0.0   0:00.00 scsi_tm+
    265 root      20   0       0      0      0 S   0.0   0.0   0:00.00 scsi_eh+
    266 root       0 -20       0      0      0 I   0.0   0.0   0:00.00 scsi_tm+
    267 root      20   0       0      0      0 S   0.0   0.0   0:00.00 scsi_eh+
    268 root       0 -20       0      0      0 I   0.0   0.0   0:00.00 scsi_tm+
    269 root      20   0       0      0      0 S   0.0   0.0   0:00.00 scsi_eh+
    270 root       0 -20       0      0      0 I   0.0   0.0   0:00.00 scsi_tm+
    271 root      20   0       0      0      0 S   0.0   0.0   0:00.00 scsi_eh+
    272 root       0 -20       0      0      0 I   0.0   0.0   0:00.00 scsi_tm+
    273 root      20   0       0      0      0 S   0.0   0.0   0:00.00 scsi_eh+
    274 root       0 -20       0      0      0 I   0.0   0.0   0:00.00 scsi_tm+
    275 root      20   0       0      0      0 S   0.0   0.0   0:00.00 scsi_eh+
    276 root       0 -20       0      0      0 I   0.0   0.0   0:00.00 scsi_tm+
    277 root      20   0       0      0      0 S   0.0   0.0   0:00.00 scsi_eh+
    278 root       0 -20       0      0      0 I   0.0   0.0   0:00.00 scsi_tm+
    279 root      20   0       0      0      0 S   0.0   0.0   0:00.00 scsi_eh+
    280 root       0 -20       0      0      0 I   0.0   0.0   0:00.00 scsi_tm+
    281 root      20   0       0      0      0 S   0.0   0.0   0:00.00 scsi_eh+
    282 root       0 -20       0      0      0 I   0.0   0.0   0:00.00 scsi_tm+
    283 root      20   0       0      0      0 S   0.0   0.0   0:00.00 scsi_eh+
    284 root       0 -20       0      0      0 I   0.0   0.0   0:00.00 scsi_tm+
    285 root      20   0       0      0      0 S   0.0   0.0   0:00.00 scsi_eh+
    286 root       0 -20       0      0      0 I   0.0   0.0   0:00.00 scsi_tm+
    287 root      20   0       0      0      0 S   0.0   0.0   0:00.00 scsi_eh+
    288 root       0 -20       0      0      0 I   0.0   0.0   0:00.00 scsi_tm+
    307 root       0 -20       0      0      0 I   0.0   0.0   0:00.00 ttm_swap
    308 root     -51   0       0      0      0 S   0.0   0.0   0:01.53 irq/18-+
    311 root     -51   0       0      0      0 S   0.0   0.0   0:00.00 card0-c+
    312 root     -51   0       0      0      0 S   0.0   0.0   0:00.00 card0-c+
    313 root     -51   0       0      0      0 S   0.0   0.0   0:00.00 card0-c+
    315 root     -51   0       0      0      0 S   0.0   0.0   0:00.00 card0-c+
    317 root     -51   0       0      0      0 S   0.0   0.0   0:00.00 card0-c+
    319 root     -51   0       0      0      0 S   0.0   0.0   0:00.00 card0-c+
    321 root     -51   0       0      0      0 S   0.0   0.0   0:00.00 card0-c+
    323 root     -51   0       0      0      0 S   0.0   0.0   0:00.00 card0-c+
    326 root       0 -20       0      0      0 I   0.0   0.0   0:00.02 kworker+
    341 root       0 -20       0      0      0 I   0.0   0.0   0:00.00 kdmflush
    368 root       0 -20       0      0      0 I   0.0   0.0   0:00.00 raid5wq
    420 root      20   0       0      0      0 S   0.0   0.0   0:00.02 jbd2/dm+
    421 root       0 -20       0      0      0 I   0.0   0.0   0:00.00 ext4-rs+
    491 root      19  -1   64284  18736  17616 S   0.0   0.5   0:00.15 systemd+
    529 root       0 -20       0      0      0 I   0.0   0.0   0:00.00 kaluad
    530 root       0 -20       0      0      0 I   0.0   0.0   0:00.00 kmpath_+
    531 root       0 -20       0      0      0 I   0.0   0.0   0:00.00 kmpathd
    532 root       0 -20       0      0      0 I   0.0   0.0   0:00.00 kmpath_+
    533 root      rt   0  289460  27240   9072 S   0.0   0.7   0:01.19 multipa+
    536 root      20   0   26400   7344   4732 S   0.0   0.2   0:00.15 systemd+
    686 root      20   0       0      0      0 S   0.0   0.0   0:00.00 jbd2/sd+
    687 root       0 -20       0      0      0 I   0.0   0.0   0:00.00 ext4-rs+
    706 systemd+  20   0   89360   6608   5804 S   0.0   0.2   0:00.06 systemd+
    750 systemd+  20   0   16124   8108   7120 S   0.0   0.2   0:00.06 systemd+
    752 systemd+  20   0   25536  12360   8168 S   0.0   0.3   0:00.08 systemd+
    763 root      20   0    6896   2860   2620 S   0.0   0.1   0:00.01 cron
    764 message+  20   0    8776   5072   4244 S   0.0   0.1   0:00.06 dbus-da+
    771 root      20   0   82700   3924   3576 S   0.0   0.1   0:00.36 irqbala+
    772 root      20   0   32732  19132  10508 S   0.0   0.5   0:00.04 network+
    773 root      20   0  234496   6724   6092 S   0.0   0.2   0:00.02 polkitd
    774 syslog    20   0  222404   5408   4324 S   0.0   0.1   0:00.02 rsyslogd
    776 root      20   0 1393196  30400  19772 S   0.0   0.8   0:01.21 snapd
    780 root      20   0   23572   7816   6800 S   0.0   0.2   0:00.06 systemd+
    782 root      20   0  392564  12708  10628 S   0.0   0.3   0:00.05 udisksd
    801 root      20   0    7836   4736   3832 S   0.0   0.1   0:00.02 login
    820 root      20   0  317964  12368  10464 S   0.0   0.3   0:00.04 ModemMa+
    823 root      20   0  109736  21480  13340 S   0.0   0.5   0:00.04 unatten+
    824 root      20   0   15432   9472   7836 S   0.0   0.2   0:00.00 sshd
   1103 gabriel   20   0   17100   9952   8264 S   0.0   0.3   0:00.04 systemd
   1104 gabriel   20   0  103752   3808      8 S   0.0   0.1   0:00.00 (sd-pam)
   1110 gabriel   20   0    8744   5508   3748 S   0.0   0.1   0:00.00 bash
   1131 root      20   0       0      0      0 I   0.0   0.0   0:02.99 kworker+
   1135 root      20   0       0      0      0 I   0.0   0.0   0:00.00 kworker+
   1241 root      20   0       0      0      0 I   0.0   0.0   0:00.43 kworker+
   1242 root      20   0       0      0      0 I   0.0   0.0   0:00.18 kworker+
   1244 root      20   0       0      0      0 I   0.0   0.0   0:00.17 kworker+
   1246 root      20   0       0      0      0 I   0.0   0.0   0:00.00 kworker+
   1248 root      20   0       0      0      0 I   0.0   0.0   0:00.00 kworker+
   1351 root      20   0       0      0      0 I   0.0   0.0   0:00.00 kworker+
   1409 root      20   0       0      0      0 I   0.0   0.0   0:00.00 kworker+
   1410 root      20   0       0      0      0 I   0.0   0.0   0:00.00 kworker+
   1471 root      20   0       0      0      0 I   0.0   0.0   0:00.01 kworker+
   1701 root      20   0   16920  10784   8632 S   0.0   0.3   0:00.01 sshd
   1747 gabriel   20   0   17216   8040   5660 S   0.0   0.2   0:00.00 sshd
   1748 gabriel   20   0    8688   5384   3676 S   0.0   0.1   0:00.00 bash
   1757 gabriel   20   0   10476   3968   3276 R   0.0   0.1   0:00.00 top}}</msg>
<msg time="2024-01-26T09:20:51.807666" level="INFO">level=INFO</msg>
<arg>{{{${performance_metrics}}}</arg>
<arg>level=INFO</arg>
<doc>Logs the given messages as separate entries using the INFO level.</doc>
<status status="PASS" start="2024-01-26T09:20:51.806613" elapsed="0.001053"/>
</kw>
<kw name="Close Connection" owner="SSHLibrary" type="TEARDOWN">
<doc>Closes the current connection.</doc>
<status status="PASS" start="2024-01-26T09:20:51.807666" elapsed="0.000975"/>
</kw>
<doc>Monitor system performance metrics.</doc>
<tag>monitoring</tag>
<tag>performance</tag>
<status status="PASS" start="2024-01-26T09:20:50.485435" elapsed="1.324099"/>
</test>
<test id="s1-t9" name="Automated Deployment Test" line="90">
<kw name="Open Connection" owner="SSHLibrary">
<arg>${HOST}</arg>
<arg>port=${PORT}</arg>
<doc>Opens a new SSH connection to the given ``host`` and ``port``.</doc>
<status status="PASS" start="2024-01-26T09:20:51.811479" elapsed="0.001018"/>
</kw>
<kw name="Login With Public Key" owner="SSHLibrary">
<msg time="2024-01-26T09:20:51.813524" level="INFO">Logging into '127.0.0.1:5050' as 'gabriel'.</msg>
<msg time="2024-01-26T09:20:52.911284" level="INFO">Read output: Welcome to Ubuntu 22.04.3 LTS (GNU/Linux 5.15.0-91-generic x86_64)

 * Documentation:  https://help.ubuntu.com
 * Management:     https://landscape.canonical.com
 * Support:        https://ubuntu.com/advantage

  System information as of Fri Jan 26 07:51:35 AM UTC 2024

  System load:  1.7548828125       Processes:               221
  Usage of /:   30.7% of 22.87GB   Users logged in:         0
  Memory usage: 6%                 IPv4 address for enp0s3: 10.0.2.15
  Swap usage:   0%

 * Strictly confined Kubernetes makes edge and IoT secure. Learn how MicroK8s
   just raised the bar for easy, resilient and secure K8s cluster deployment.

   https://ubuntu.com/engage/secure-kubernetes-at-the-edge

Expanded Security Maintenance for Applications is not enabled.

61 updates can be applied immediately.
To see these additional updates run: apt list --upgradable

Enable ESM Apps to receive additional future security updates.
See https://ubuntu.com/esm or run: sudo pro status


Last login: Fri Jan 26 07:19:49 2024 from 10.0.2.2
[?2004hgabriel@gabriel:~$</msg>
<arg>${USERNAME}</arg>
<arg>${KEY_FILE}</arg>
<doc>Logs into the SSH server using key-based authentication.</doc>
<status status="PASS" start="2024-01-26T09:20:51.813524" elapsed="1.097760"/>
</kw>
<kw name="Execute Command" owner="SSHLibrary">
<msg time="2024-01-26T09:20:52.914168" level="INFO">Executing command 'ansible-playbook --check your_playbook.yml'.</msg>
<msg time="2024-01-26T09:20:52.929784" level="INFO">Command exited with return code 127.</msg>
<msg time="2024-01-26T09:20:52.929784" level="INFO">${deployment_status} = </msg>
<var>${deployment_status}</var>
<arg>ansible-playbook --check your_playbook.yml</arg>
<doc>Executes ``command`` on the remote machine and returns its outputs.</doc>
<status status="PASS" start="2024-01-26T09:20:52.913121" elapsed="0.016663"/>
</kw>
<kw name="Log Many" owner="BuiltIn">
<msg time="2024-01-26T09:20:52.931611" level="INFO">{{{}}</msg>
<msg time="2024-01-26T09:20:52.931611" level="INFO">level=INFO</msg>
<arg>{{{${deployment_status}}}</arg>
<arg>level=INFO</arg>
<doc>Logs the given messages as separate entries using the INFO level.</doc>
<status status="PASS" start="2024-01-26T09:20:52.930638" elapsed="0.000973"/>
</kw>
<kw name="Close Connection" owner="SSHLibrary" type="TEARDOWN">
<doc>Closes the current connection.</doc>
<status status="PASS" start="2024-01-26T09:20:52.932584" elapsed="0.000000"/>
</kw>
<doc>Check status of an automated deployment tool.</doc>
<tag>automated</tag>
<tag>deployment</tag>
<status status="PASS" start="2024-01-26T09:20:51.810507" elapsed="1.123050"/>
</test>
<test id="s1-t10" name="Backup and Recovery Test" line="99">
<kw name="Open Connection" owner="SSHLibrary">
<arg>${HOST}</arg>
<arg>port=${PORT}</arg>
<doc>Opens a new SSH connection to the given ``host`` and ``port``.</doc>
<status status="PASS" start="2024-01-26T09:20:52.935543" elapsed="0.000000"/>
</kw>
<kw name="Login With Public Key" owner="SSHLibrary">
<msg time="2024-01-26T09:20:52.936477" level="INFO">Logging into '127.0.0.1:5050' as 'gabriel'.</msg>
<msg time="2024-01-26T09:20:54.033846" level="INFO">Read output: Welcome to Ubuntu 22.04.3 LTS (GNU/Linux 5.15.0-91-generic x86_64)

 * Documentation:  https://help.ubuntu.com
 * Management:     https://landscape.canonical.com
 * Support:        https://ubuntu.com/advantage

  System information as of Fri Jan 26 07:51:35 AM UTC 2024

  System load:  1.7548828125       Processes:               221
  Usage of /:   30.7% of 22.87GB   Users logged in:         0
  Memory usage: 6%                 IPv4 address for enp0s3: 10.0.2.15
  Swap usage:   0%

 * Strictly confined Kubernetes makes edge and IoT secure. Learn how MicroK8s
   just raised the bar for easy, resilient and secure K8s cluster deployment.

   https://ubuntu.com/engage/secure-kubernetes-at-the-edge

Expanded Security Maintenance for Applications is not enabled.

61 updates can be applied immediately.
To see these additional updates run: apt list --upgradable

Enable ESM Apps to receive additional future security updates.
See https://ubuntu.com/esm or run: sudo pro status


Last login: Fri Jan 26 07:19:50 2024 from 10.0.2.2
[?2004hgabriel@gabriel:~$</msg>
<arg>${USERNAME}</arg>
<arg>${KEY_FILE}</arg>
<doc>Logs into the SSH server using key-based authentication.</doc>
<status status="PASS" start="2024-01-26T09:20:52.936477" elapsed="1.097369"/>
</kw>
<kw name="Execute Command" owner="SSHLibrary">
<msg time="2024-01-26T09:20:54.036736" level="INFO">Executing command 'rsync --dry-run -av /source /backup'.</msg>
<msg time="2024-01-26T09:20:54.149222" level="INFO">Command exited with return code 23.</msg>
<msg time="2024-01-26T09:20:54.149222" level="INFO">${backup_test} = sending incremental file list

sent 19 bytes  received 12 bytes  62.00 bytes/sec
total size is 0  speedup is 0.00 (DRY RUN)</msg>
<var>${backup_test}</var>
<arg>rsync --dry-run -av /source /backup</arg>
<doc>Executes ``command`` on the remote machine and returns its outputs.</doc>
<status status="PASS" start="2024-01-26T09:20:54.035685" elapsed="0.113537"/>
</kw>
<kw name="Log Many" owner="BuiltIn">
<msg time="2024-01-26T09:20:54.150402" level="INFO">{{{sending incremental file list

sent 19 bytes  received 12 bytes  62.00 bytes/sec
total size is 0  speedup is 0.00 (DRY RUN)}}</msg>
<msg time="2024-01-26T09:20:54.150402" level="INFO">level=INFO</msg>
<arg>{{{${backup_test}}}</arg>
<arg>level=INFO</arg>
<doc>Logs the given messages as separate entries using the INFO level.</doc>
<status status="PASS" start="2024-01-26T09:20:54.150402" elapsed="0.000000"/>
</kw>
<kw name="Close Connection" owner="SSHLibrary" type="TEARDOWN">
<doc>Closes the current connection.</doc>
<status status="PASS" start="2024-01-26T09:20:54.151463" elapsed="0.000975"/>
</kw>
<doc>Verify backup processes and test recovery procedures.</doc>
<tag>backup</tag>
<tag>recovery</tag>
<status status="PASS" start="2024-01-26T09:20:52.934531" elapsed="1.217907"/>
</test>
<doc>SSH Connection Test</doc>
<status status="PASS" start="2024-01-26T09:20:33.890229" elapsed="20.264213"/>
</suite>
<statistics>
<total>
<stat pass="10" fail="0" skip="0">All Tests</stat>
</total>
<tag>
<stat pass="1" fail="0" skip="0">automated</stat>
<stat pass="1" fail="0" skip="0">backup</stat>
<stat pass="1" fail="0" skip="0">checks</stat>
<stat pass="1" fail="0" skip="0">connectivity</stat>
<stat pass="1" fail="0" skip="0">deployment</stat>
<stat pass="1" fail="0" skip="0">execute</stat>
<stat pass="1" fail="0" skip="0">key</stat>
<stat pass="1" fail="0" skip="0">logs</stat>
<stat pass="3" fail="0" skip="0">monitoring</stat>
<stat pass="1" fail="0" skip="0">network</stat>
<stat pass="1" fail="0" skip="0">performance</stat>
<stat pass="1" fail="0" skip="0">recovery</stat>
<stat pass="1" fail="0" skip="0">security</stat>
<stat pass="1" fail="0" skip="0">service</stat>
<stat pass="2" fail="0" skip="0">ssh</stat>
</tag>
<suite>
<stat pass="10" fail="0" skip="0" id="s1" name="Benchmark Vm">Benchmark Vm</stat>
</suite>
</statistics>
<errors>
</errors>
</robot>
